1575882045783	mozrunner::runner	INFO	Running command: "/usr/bin/firefox" "-marionette" "-foreground" "-no-remote" "-profile" "/tmp/rust_mozprofile8din6p"
1575882046665	addons.webextension.screenshots@mozilla.org	WARN	Loading extension 'screenshots@mozilla.org': Reading manifest: Invalid extension permission: mozillaAddons
1575882046665	addons.webextension.screenshots@mozilla.org	WARN	Loading extension 'screenshots@mozilla.org': Reading manifest: Invalid extension permission: telemetry
1575882046666	addons.webextension.screenshots@mozilla.org	WARN	Loading extension 'screenshots@mozilla.org': Reading manifest: Invalid extension permission: resource://pdf.js/
1575882046666	addons.webextension.screenshots@mozilla.org	WARN	Loading extension 'screenshots@mozilla.org': Reading manifest: Invalid extension permission: about:reader*
1575882050189	Marionette	INFO	Listening on port 34795
1575882050205	Marionette	WARN	TLS certificate errors will be ignored for this session
JavaScript error: resource://gre/modules/UrlClassifierListManager.jsm, line 680: TypeError: this.tablesData[table] is undefined
[Child 5136, Chrome_ChildThread] WARNING: pipe error: Обрыв канала: file /build/firefox-clezVp/firefox-70.0.1+build1/ipc/chromium/src/chrome/common/ipc_channel_posix.cc, line 728
[Child 5136, Chrome_ChildThread] WARNING: pipe error: Обрыв канала: file /build/firefox-clezVp/firefox-70.0.1+build1/ipc/chromium/src/chrome/common/ipc_channel_posix.cc, line 728
[Child 5136, Chrome_ChildThread] WARNING: pipe error: Обрыв канала: file /build/firefox-clezVp/firefox-70.0.1+build1/ipc/chromium/src/chrome/common/ipc_channel_posix.cc, line 728
[Child 5136, Chrome_ChildThread] WARNING: pipe error: Обрыв канала: file /build/firefox-clezVp/firefox-70.0.1+build1/ipc/chromium/src/chrome/common/ipc_channel_posix.cc, line 728
[Child 5136, Chrome_ChildThread] WARNING: pipe error: Обрыв канала: file /build/firefox-clezVp/firefox-70.0.1+build1/ipc/chromium/src/chrome/common/ipc_channel_posix.cc, line 728
[Child 5136, Chrome_ChildThread] WARNING: pipe error: Обрыв канала: file /build/firefox-clezVp/firefox-70.0.1+build1/ipc/chromium/src/chrome/common/ipc_channel_posix.cc, line 728
[Child 5136, Chrome_ChildThread] WARNING: pipe error: Обрыв канала: file /build/firefox-clezVp/firefox-70.0.1+build1/ipc/chromium/src/chrome/common/ipc_channel_posix.cc, line 728
[Child 5136, Chrome_ChildThread] WARNING: pipe error: Обрыв канала: file /build/firefox-clezVp/firefox-70.0.1+build1/ipc/chromium/src/chrome/common/ipc_channel_posix.cc, line 728
[Child 5136, Chrome_ChildThread] WARNING: pipe error (3): Соединение разорвано другой стороной: file /build/firefox-clezVp/firefox-70.0.1+build1/ipc/chromium/src/chrome/common/ipc_channel_posix.cc, line 358
1575882074311	Marionette	INFO	Stopped listening on port 34795
1575883546805	mozrunner::runner	INFO	Running command: "/usr/bin/firefox" "-marionette" "-foreground" "-no-remote" "-profile" "/tmp/rust_mozprofileM1Qjiy"
1575883547998	addons.webextension.screenshots@mozilla.org	WARN	Loading extension 'screenshots@mozilla.org': Reading manifest: Invalid extension permission: mozillaAddons
1575883547999	addons.webextension.screenshots@mozilla.org	WARN	Loading extension 'screenshots@mozilla.org': Reading manifest: Invalid extension permission: telemetry
1575883547999	addons.webextension.screenshots@mozilla.org	WARN	Loading extension 'screenshots@mozilla.org': Reading manifest: Invalid extension permission: resource://pdf.js/
1575883547999	addons.webextension.screenshots@mozilla.org	WARN	Loading extension 'screenshots@mozilla.org': Reading manifest: Invalid extension permission: about:reader*
1575883551562	Marionette	INFO	Listening on port 36009
1575883551633	Marionette	WARN	TLS certificate errors will be ignored for this session
SourceActor threw an exception: [Exception... "Failed to open input source 'file:///'"  nsresult: "0x80520015 (NS_ERROR_FILE_ACCESS_DENIED)"  location: "JS frame :: resource://devtools/shared/DevToolsUtils.js :: mainThreadFetch/< :: line 678"  data: yes]
Stack: mainThreadFetch/<@resource://devtools/shared/DevToolsUtils.js:678:15
mainThreadFetch@resource://devtools/shared/DevToolsUtils.js:530:10
_fetchURLContents@resource://devtools/server/actors/utils/TabSources.js:580:22
urlContents@resource://devtools/server/actors/utils/TabSources.js:547:17
_resurrectSource@resource://devtools/server/actors/thread.js:2033:69
addAllSources@resource://devtools/server/actors/thread.js:1334:14
onSources@resource://devtools/server/actors/thread.js:1340:10
onPacket@resource://devtools/server/debugger-server-connection.js:378:58
receiveMessage@resource://devtools/shared/transport/child-transport.js:66:16
Line: 678, column: 0
console.error: ({})
JavaScript error: resource://devtools/shared/DevToolsUtils.js, line 678: NS_ERROR_FILE_ACCESS_DENIED: Failed to open input source 'file:///'
[Parent 5771, Gecko_IOThread] WARNING: pipe error (75): Соединение разорвано другой стороной: file /build/firefox-clezVp/firefox-70.0.1+build1/ipc/chromium/src/chrome/common/ipc_channel_posix.cc, line 358
1575883796297	Marionette	INFO	Stopped listening on port 36009
1575883797940	mozrunner::runner	INFO	Running command: "/usr/bin/firefox" "-marionette" "-foreground" "-no-remote" "-profile" "/tmp/rust_mozprofileh47K8U"
1575883798847	addons.webextension.screenshots@mozilla.org	WARN	Loading extension 'screenshots@mozilla.org': Reading manifest: Invalid extension permission: mozillaAddons
1575883798847	addons.webextension.screenshots@mozilla.org	WARN	Loading extension 'screenshots@mozilla.org': Reading manifest: Invalid extension permission: telemetry
1575883798848	addons.webextension.screenshots@mozilla.org	WARN	Loading extension 'screenshots@mozilla.org': Reading manifest: Invalid extension permission: resource://pdf.js/
1575883798848	addons.webextension.screenshots@mozilla.org	WARN	Loading extension 'screenshots@mozilla.org': Reading manifest: Invalid extension permission: about:reader*
1575883802447	Marionette	INFO	Listening on port 46581
1575883802466	Marionette	WARN	TLS certificate errors will be ignored for this session
SourceActor threw an exception: [Exception... "Failed to open input source 'file:///'"  nsresult: "0x80520015 (NS_ERROR_FILE_ACCESS_DENIED)"  location: "JS frame :: resource://devtools/shared/DevToolsUtils.js :: mainThreadFetch/< :: line 678"  data: yes]
Stack: mainThreadFetch/<@resource://devtools/shared/DevToolsUtils.js:678:15
mainThreadFetch@resource://devtools/shared/DevToolsUtils.js:530:10
_fetchURLContents@resource://devtools/server/actors/utils/TabSources.js:580:22
urlContents@resource://devtools/server/actors/utils/TabSources.js:547:17
_resurrectSource@resource://devtools/server/actors/thread.js:2033:69
addAllSources@resource://devtools/server/actors/thread.js:1334:14
onSources@resource://devtools/server/actors/thread.js:1340:10
onPacket@resource://devtools/server/debugger-server-connection.js:378:58
receiveMessage@resource://devtools/shared/transport/child-transport.js:66:16
Line: 678, column: 0
console.error: ({})
JavaScript error: resource://devtools/shared/DevToolsUtils.js, line 678: NS_ERROR_FILE_ACCESS_DENIED: Failed to open input source 'file:///'
[Parent 6021, Gecko_IOThread] WARNING: pipe error (75): Соединение разорвано другой стороной: file /build/firefox-clezVp/firefox-70.0.1+build1/ipc/chromium/src/chrome/common/ipc_channel_posix.cc, line 358
console.error: (new Error("Connection closed before committing the transaction.", "resource://gre/modules/Sqlite.jsm", 683))
1575884101650	Marionette	INFO	Stopped listening on port 46581
1575884106448	mozrunner::runner	INFO	Running command: "/usr/bin/firefox" "-marionette" "-foreground" "-no-remote" "-profile" "/tmp/rust_mozprofileg5WmgG"
1575884107639	addons.webextension.screenshots@mozilla.org	WARN	Loading extension 'screenshots@mozilla.org': Reading manifest: Invalid extension permission: mozillaAddons
1575884107639	addons.webextension.screenshots@mozilla.org	WARN	Loading extension 'screenshots@mozilla.org': Reading manifest: Invalid extension permission: telemetry
1575884107639	addons.webextension.screenshots@mozilla.org	WARN	Loading extension 'screenshots@mozilla.org': Reading manifest: Invalid extension permission: resource://pdf.js/
1575884107640	addons.webextension.screenshots@mozilla.org	WARN	Loading extension 'screenshots@mozilla.org': Reading manifest: Invalid extension permission: about:reader*
1575884111309	Marionette	INFO	Listening on port 45391
1575884111384	Marionette	WARN	TLS certificate errors will be ignored for this session
SourceActor threw an exception: [Exception... "Failed to open input source 'file:///'"  nsresult: "0x80520015 (NS_ERROR_FILE_ACCESS_DENIED)"  location: "JS frame :: resource://devtools/shared/DevToolsUtils.js :: mainThreadFetch/< :: line 678"  data: yes]
Stack: mainThreadFetch/<@resource://devtools/shared/DevToolsUtils.js:678:15
mainThreadFetch@resource://devtools/shared/DevToolsUtils.js:530:10
_fetchURLContents@resource://devtools/server/actors/utils/TabSources.js:580:22
urlContents@resource://devtools/server/actors/utils/TabSources.js:547:17
_resurrectSource@resource://devtools/server/actors/thread.js:2033:69
addAllSources@resource://devtools/server/actors/thread.js:1334:14
onSources@resource://devtools/server/actors/thread.js:1340:10
onPacket@resource://devtools/server/debugger-server-connection.js:378:58
receiveMessage@resource://devtools/shared/transport/child-transport.js:66:16
Line: 678, column: 0
console.error: ({})
JavaScript error: resource://devtools/shared/DevToolsUtils.js, line 678: NS_ERROR_FILE_ACCESS_DENIED: Failed to open input source 'file:///'
1575884302448	mozrunner::runner	INFO	Running command: "/usr/bin/firefox" "-marionette" "-foreground" "-no-remote" "-profile" "/tmp/rust_mozprofile5UkxtP"
1575884303433	addons.webextension.screenshots@mozilla.org	WARN	Loading extension 'screenshots@mozilla.org': Reading manifest: Invalid extension permission: mozillaAddons
1575884303433	addons.webextension.screenshots@mozilla.org	WARN	Loading extension 'screenshots@mozilla.org': Reading manifest: Invalid extension permission: telemetry
1575884303434	addons.webextension.screenshots@mozilla.org	WARN	Loading extension 'screenshots@mozilla.org': Reading manifest: Invalid extension permission: resource://pdf.js/
1575884303434	addons.webextension.screenshots@mozilla.org	WARN	Loading extension 'screenshots@mozilla.org': Reading manifest: Invalid extension permission: about:reader*
1575884306951	Marionette	INFO	Listening on port 39725
1575884306967	Marionette	WARN	TLS certificate errors will be ignored for this session
1575884508333	mozrunner::runner	INFO	Running command: "/usr/bin/firefox" "-marionette" "-foreground" "-no-remote" "-profile" "/tmp/rust_mozprofileyp88Tx"
1575884509388	addons.webextension.screenshots@mozilla.org	WARN	Loading extension 'screenshots@mozilla.org': Reading manifest: Invalid extension permission: mozillaAddons
1575884509389	addons.webextension.screenshots@mozilla.org	WARN	Loading extension 'screenshots@mozilla.org': Reading manifest: Invalid extension permission: telemetry
1575884509389	addons.webextension.screenshots@mozilla.org	WARN	Loading extension 'screenshots@mozilla.org': Reading manifest: Invalid extension permission: resource://pdf.js/
1575884509390	addons.webextension.screenshots@mozilla.org	WARN	Loading extension 'screenshots@mozilla.org': Reading manifest: Invalid extension permission: about:reader*
1575884513223	Marionette	INFO	Listening on port 43989
1575884513279	Marionette	WARN	TLS certificate errors will be ignored for this session
[Parent 6889, Gecko_IOThread] WARNING: pipe error (77): Соединение разорвано другой стороной: file /build/firefox-clezVp/firefox-70.0.1+build1/ipc/chromium/src/chrome/common/ipc_channel_posix.cc, line 358
[Parent 6889, Gecko_IOThread] WARNING: pipe error (145): Соединение разорвано другой стороной: file /build/firefox-clezVp/firefox-70.0.1+build1/ipc/chromium/src/chrome/common/ipc_channel_posix.cc, line 358
[Parent 6889, Gecko_IOThread] WARNING: pipe error (76): Соединение разорвано другой стороной: file /build/firefox-clezVp/firefox-70.0.1+build1/ipc/chromium/src/chrome/common/ipc_channel_posix.cc, line 358
1575885074964	Marionette	INFO	Stopped listening on port 43989
[Parent 6597, Gecko_IOThread] WARNING: pipe error (75): Соединение разорвано другой стороной: file /build/firefox-clezVp/firefox-70.0.1+build1/ipc/chromium/src/chrome/common/ipc_channel_posix.cc, line 358
[Parent 6597, Gecko_IOThread] WARNING: pipe error (66): Соединение разорвано другой стороной: file /build/firefox-clezVp/firefox-70.0.1+build1/ipc/chromium/src/chrome/common/ipc_channel_posix.cc, line 358
console.error: (new Error("Connection closed before committing the transaction.", "resource://gre/modules/Sqlite.jsm", 683))
1575885076645	Marionette	INFO	Stopped listening on port 39725
1575885081472	mozrunner::runner	INFO	Running command: "/usr/bin/firefox" "-marionette" "-foreground" "-no-remote" "-profile" "/tmp/rust_mozprofileeC4pUz"
1575885082392	addons.webextension.screenshots@mozilla.org	WARN	Loading extension 'screenshots@mozilla.org': Reading manifest: Invalid extension permission: mozillaAddons
1575885082392	addons.webextension.screenshots@mozilla.org	WARN	Loading extension 'screenshots@mozilla.org': Reading manifest: Invalid extension permission: telemetry
1575885082393	addons.webextension.screenshots@mozilla.org	WARN	Loading extension 'screenshots@mozilla.org': Reading manifest: Invalid extension permission: resource://pdf.js/
1575885082393	addons.webextension.screenshots@mozilla.org	WARN	Loading extension 'screenshots@mozilla.org': Reading manifest: Invalid extension permission: about:reader*
1575885085956	Marionette	INFO	Listening on port 46791
1575885085991	Marionette	WARN	TLS certificate errors will be ignored for this session
[Parent 7295, Gecko_IOThread] WARNING: pipe error (75): Соединение разорвано другой стороной: file /build/firefox-clezVp/firefox-70.0.1+build1/ipc/chromium/src/chrome/common/ipc_channel_posix.cc, line 358
[Parent 7295, Gecko_IOThread] WARNING: pipe error (77): Соединение разорвано другой стороной: file /build/firefox-clezVp/firefox-70.0.1+build1/ipc/chromium/src/chrome/common/ipc_channel_posix.cc, line 358
console.error: (new Error("Connection closed before committing the transaction.", "resource://gre/modules/Sqlite.jsm", 683))
JavaScript error: , line 0: UnknownError: The operation failed for reasons unrelated to the database itself and not covered by any other error code.
1575885165356	Marionette	INFO	Stopped listening on port 46791
[Parent 6317, Gecko_IOThread] WARNING: pipe error (75): Соединение разорвано другой стороной: file /build/firefox-clezVp/firefox-70.0.1+build1/ipc/chromium/src/chrome/common/ipc_channel_posix.cc, line 358
[Parent 6317, Gecko_IOThread] WARNING: pipe error (77): Соединение разорвано другой стороной: file /build/firefox-clezVp/firefox-70.0.1+build1/ipc/chromium/src/chrome/common/ipc_channel_posix.cc, line 358
console.error: (new Error("Connection closed before committing the transaction.", "resource://gre/modules/Sqlite.jsm", 683))
1575885168600	Marionette	INFO	Stopped listening on port 45391
1575885224401	mozrunner::runner	INFO	Running command: "/usr/bin/firefox" "-marionette" "-foreground" "-no-remote" "-profile" "/tmp/rust_mozprofileNK4SC7"
1575885225279	addons.webextension.screenshots@mozilla.org	WARN	Loading extension 'screenshots@mozilla.org': Reading manifest: Invalid extension permission: mozillaAddons
1575885225280	addons.webextension.screenshots@mozilla.org	WARN	Loading extension 'screenshots@mozilla.org': Reading manifest: Invalid extension permission: telemetry
1575885225280	addons.webextension.screenshots@mozilla.org	WARN	Loading extension 'screenshots@mozilla.org': Reading manifest: Invalid extension permission: resource://pdf.js/
1575885225280	addons.webextension.screenshots@mozilla.org	WARN	Loading extension 'screenshots@mozilla.org': Reading manifest: Invalid extension permission: about:reader*
1575885228787	Marionette	INFO	Listening on port 36715
1575885228820	Marionette	WARN	TLS certificate errors will be ignored for this session
[Parent 7537, Gecko_IOThread] WARNING: pipe error (74): Соединение разорвано другой стороной: file /build/firefox-clezVp/firefox-70.0.1+build1/ipc/chromium/src/chrome/common/ipc_channel_posix.cc, line 358
[Parent 7537, Gecko_IOThread] WARNING: pipe error (103): Соединение разорвано другой стороной: file /build/firefox-clezVp/firefox-70.0.1+build1/ipc/chromium/src/chrome/common/ipc_channel_posix.cc, line 358
[Parent 7537, Gecko_IOThread] WARNING: pipe error (144): Соединение разорвано другой стороной: file /build/firefox-clezVp/firefox-70.0.1+build1/ipc/chromium/src/chrome/common/ipc_channel_posix.cc, line 358
console.error: (new Error("Connection closed before committing the transaction.", "resource://gre/modules/Sqlite.jsm", 683))
JavaScript error: , line 0: UnknownError: The operation failed for reasons unrelated to the database itself and not covered by any other error code.
1575885337951	Marionette	INFO	Stopped listening on port 36715
1575885472737	mozrunner::runner	INFO	Running command: "/usr/bin/firefox" "-marionette" "-foreground" "-no-remote" "-profile" "/tmp/rust_mozprofileZKmPc0"
1575885473718	addons.webextension.screenshots@mozilla.org	WARN	Loading extension 'screenshots@mozilla.org': Reading manifest: Invalid extension permission: mozillaAddons
1575885473718	addons.webextension.screenshots@mozilla.org	WARN	Loading extension 'screenshots@mozilla.org': Reading manifest: Invalid extension permission: telemetry
1575885473718	addons.webextension.screenshots@mozilla.org	WARN	Loading extension 'screenshots@mozilla.org': Reading manifest: Invalid extension permission: resource://pdf.js/
1575885473719	addons.webextension.screenshots@mozilla.org	WARN	Loading extension 'screenshots@mozilla.org': Reading manifest: Invalid extension permission: about:reader*
1575885477480	Marionette	INFO	Listening on port 45945
1575885477552	Marionette	WARN	TLS certificate errors will be ignored for this session
1575885513431	Marionette	INFO	Stopped listening on port 45945
1575885528096	mozrunner::runner	INFO	Running command: "/usr/bin/firefox" "-marionette" "-foreground" "-no-remote" "-profile" "/tmp/rust_mozprofileub9O5G"
1575885529034	addons.webextension.screenshots@mozilla.org	WARN	Loading extension 'screenshots@mozilla.org': Reading manifest: Invalid extension permission: mozillaAddons
1575885529035	addons.webextension.screenshots@mozilla.org	WARN	Loading extension 'screenshots@mozilla.org': Reading manifest: Invalid extension permission: telemetry
1575885529035	addons.webextension.screenshots@mozilla.org	WARN	Loading extension 'screenshots@mozilla.org': Reading manifest: Invalid extension permission: resource://pdf.js/
1575885529036	addons.webextension.screenshots@mozilla.org	WARN	Loading extension 'screenshots@mozilla.org': Reading manifest: Invalid extension permission: about:reader*
1575885532618	Marionette	INFO	Listening on port 43893
1575885532719	Marionette	WARN	TLS certificate errors will be ignored for this session
1575885618143	mozrunner::runner	INFO	Running command: "/usr/bin/firefox" "-marionette" "-foreground" "-no-remote" "-profile" "/tmp/rust_mozprofile1OW3aO"
1575885619157	addons.webextension.screenshots@mozilla.org	WARN	Loading extension 'screenshots@mozilla.org': Reading manifest: Invalid extension permission: mozillaAddons
1575885619158	addons.webextension.screenshots@mozilla.org	WARN	Loading extension 'screenshots@mozilla.org': Reading manifest: Invalid extension permission: telemetry
1575885619158	addons.webextension.screenshots@mozilla.org	WARN	Loading extension 'screenshots@mozilla.org': Reading manifest: Invalid extension permission: resource://pdf.js/
1575885619158	addons.webextension.screenshots@mozilla.org	WARN	Loading extension 'screenshots@mozilla.org': Reading manifest: Invalid extension permission: about:reader*
1575885622732	Marionette	INFO	Listening on port 45413
1575885622761	Marionette	WARN	TLS certificate errors will be ignored for this session
[Parent 8258, Gecko_IOThread] WARNING: pipe error (106): Соединение разорвано другой стороной: file /build/firefox-clezVp/firefox-70.0.1+build1/ipc/chromium/src/chrome/common/ipc_channel_posix.cc, line 358
console.error: (new Error("Connection closed before committing the transaction.", "resource://gre/modules/Sqlite.jsm", 683))
1575885702926	Marionette	INFO	Stopped listening on port 45413
[Parent 8043, Gecko_IOThread] WARNING: pipe error (105): Соединение разорвано другой стороной: file /build/firefox-clezVp/firefox-70.0.1+build1/ipc/chromium/src/chrome/common/ipc_channel_posix.cc, line 358
[Parent 8043, Gecko_IOThread] WARNING: pipe error (75): Соединение разорвано другой стороной: file /build/firefox-clezVp/firefox-70.0.1+build1/ipc/chromium/src/chrome/common/ipc_channel_posix.cc, line 358
console.error: (new Error("Connection closed before committing the transaction.", "resource://gre/modules/Sqlite.jsm", 683))
1575885704405	Marionette	INFO	Stopped listening on port 43893
1575886005104	mozrunner::runner	INFO	Running command: "/usr/bin/firefox" "-marionette" "-foreground" "-no-remote" "-profile" "/tmp/rust_mozprofileDGyb0R"
1575886005986	addons.webextension.screenshots@mozilla.org	WARN	Loading extension 'screenshots@mozilla.org': Reading manifest: Invalid extension permission: mozillaAddons
1575886005986	addons.webextension.screenshots@mozilla.org	WARN	Loading extension 'screenshots@mozilla.org': Reading manifest: Invalid extension permission: telemetry
1575886005986	addons.webextension.screenshots@mozilla.org	WARN	Loading extension 'screenshots@mozilla.org': Reading manifest: Invalid extension permission: resource://pdf.js/
1575886005987	addons.webextension.screenshots@mozilla.org	WARN	Loading extension 'screenshots@mozilla.org': Reading manifest: Invalid extension permission: about:reader*
1575886009670	Marionette	INFO	Listening on port 37831
1575886009732	Marionette	WARN	TLS certificate errors will be ignored for this session
SourceActor threw an exception: [Exception... "Failed to open input source 'file:///'"  nsresult: "0x80520015 (NS_ERROR_FILE_ACCESS_DENIED)"  location: "JS frame :: resource://devtools/shared/DevToolsUtils.js :: mainThreadFetch/< :: line 678"  data: yes]
Stack: mainThreadFetch/<@resource://devtools/shared/DevToolsUtils.js:678:15
mainThreadFetch@resource://devtools/shared/DevToolsUtils.js:530:10
_fetchURLContents@resource://devtools/server/actors/utils/TabSources.js:580:22
urlContents@resource://devtools/server/actors/utils/TabSources.js:547:17
_resurrectSource@resource://devtools/server/actors/thread.js:2033:69
addAllSources@resource://devtools/server/actors/thread.js:1334:14
onSources@resource://devtools/server/actors/thread.js:1340:10
onPacket@resource://devtools/server/debugger-server-connection.js:378:58
receiveMessage@resource://devtools/shared/transport/child-transport.js:66:16
Line: 678, column: 0
console.error: ({})
JavaScript error: resource://devtools/shared/DevToolsUtils.js, line 678: NS_ERROR_FILE_ACCESS_DENIED: Failed to open input source 'file:///'
[Parent 8614, Gecko_IOThread] WARNING: pipe error (75): Соединение разорвано другой стороной: file /build/firefox-clezVp/firefox-70.0.1+build1/ipc/chromium/src/chrome/common/ipc_channel_posix.cc, line 358
1575886308832	Marionette	INFO	Stopped listening on port 37831
1575886471189	mozrunner::runner	INFO	Running command: "/usr/bin/firefox" "-marionette" "-foreground" "-no-remote" "-profile" "/tmp/rust_mozprofile13zsxu"
1575886472119	addons.webextension.screenshots@mozilla.org	WARN	Loading extension 'screenshots@mozilla.org': Reading manifest: Invalid extension permission: mozillaAddons
1575886472119	addons.webextension.screenshots@mozilla.org	WARN	Loading extension 'screenshots@mozilla.org': Reading manifest: Invalid extension permission: telemetry
1575886472120	addons.webextension.screenshots@mozilla.org	WARN	Loading extension 'screenshots@mozilla.org': Reading manifest: Invalid extension permission: resource://pdf.js/
1575886472120	addons.webextension.screenshots@mozilla.org	WARN	Loading extension 'screenshots@mozilla.org': Reading manifest: Invalid extension permission: about:reader*
1575886475684	Marionette	INFO	Listening on port 39985
1575886475718	Marionette	WARN	TLS certificate errors will be ignored for this session
1575886553737	mozrunner::runner	INFO	Running command: "/usr/bin/firefox" "-marionette" "-foreground" "-no-remote" "-profile" "/tmp/rust_mozprofilewNmmkd"
1575886554655	addons.webextension.screenshots@mozilla.org	WARN	Loading extension 'screenshots@mozilla.org': Reading manifest: Invalid extension permission: mozillaAddons
1575886554656	addons.webextension.screenshots@mozilla.org	WARN	Loading extension 'screenshots@mozilla.org': Reading manifest: Invalid extension permission: telemetry
1575886554656	addons.webextension.screenshots@mozilla.org	WARN	Loading extension 'screenshots@mozilla.org': Reading manifest: Invalid extension permission: resource://pdf.js/
1575886554656	addons.webextension.screenshots@mozilla.org	WARN	Loading extension 'screenshots@mozilla.org': Reading manifest: Invalid extension permission: about:reader*
1575886558392	Marionette	INFO	Listening on port 36917
1575886558454	Marionette	WARN	TLS certificate errors will be ignored for this session
[Parent 9159, Gecko_IOThread] WARNING: pipe error (75): Соединение разорвано другой стороной: file /build/firefox-clezVp/firefox-70.0.1+build1/ipc/chromium/src/chrome/common/ipc_channel_posix.cc, line 358
[Parent 9159, Gecko_IOThread] WARNING: pipe error (80): Соединение разорвано другой стороной: file /build/firefox-clezVp/firefox-70.0.1+build1/ipc/chromium/src/chrome/common/ipc_channel_posix.cc, line 358
console.error: (new Error("Connection closed before committing the transaction.", "resource://gre/modules/Sqlite.jsm", 683))
1575886646742	Marionette	INFO	Stopped listening on port 36917
[Parent 8921, Gecko_IOThread] WARNING: pipe error (74): Соединение разорвано другой стороной: file /build/firefox-clezVp/firefox-70.0.1+build1/ipc/chromium/src/chrome/common/ipc_channel_posix.cc, line 358
[Parent 8921, Gecko_IOThread] WARNING: pipe error (67): Соединение разорвано другой стороной: file /build/firefox-clezVp/firefox-70.0.1+build1/ipc/chromium/src/chrome/common/ipc_channel_posix.cc, line 358
console.error: (new Error("Connection closed before committing the transaction.", "resource://gre/modules/Sqlite.jsm", 683))
JavaScript error: , line 0: UnknownError: The operation failed for reasons unrelated to the database itself and not covered by any other error code.
1575886651750	Marionette	INFO	Stopped listening on port 39985
